<?xml version="1.0" encoding="UTF-8"?>
<!-- Generated by org.testng.reporters.JUnitReportReporter -->
<testsuite hostname="DESKTOP-QHVKQOB" failures="0" tests="1" name="Testofmaven.demoproject.NewTest" time="0.008" errors="0" timestamp="2022-01-21T11:48:21 IST" skipped="0">
  <testcase classname="Testofmaven.demoproject.NewTest" name="f" time="0.008"/>
  <system-out/>
</testsuite> <!-- Testofmaven.demoproject.NewTest -->
